0 0.9083266896945241 0.9083266896945241 10.9083003184654
1 0.02674529078415532 0.9350719804786795 15.401671071633842
2 0.0020502902337392495 0.9371222707124187 15.903882206469975
3 0.0005114208831015642 0.9376336915955202 16.034298415010404
4 0.0024494246977275944 0.9400831162932478 16.689786553223353
5 0.00020397364196486135 0.9402870899352127 16.7467972824473
6 0.000444908743788753 0.9407319986790015 16.87251092851856
7 6.0380142220733564e-05 0.9407923788212222 16.88971757504822
8 0.022682842710653937 0.9634752215318761 27.37867392878855
9 0.0015618104151354328 0.9650370319470116 28.60169075132417
10 6.492521544224833e-05 0.9651019571624538 28.65490207158891
11 0.0007547594812731043 0.965856716643727 29.288337315581373
12 0.00025866859090173405 0.9661153852346287 29.511918814020554
13 2.2062863909183584e-05 0.9661374480985379 29.53114705914474
14 3.7993730726289604e-05 0.9661754418292642 29.5643181782985
15 1.7748896105711932e-05 0.9661931907253699 29.57983972626597
16 0.008156896543887805 0.9743500872692578 38.98648741995399
17 0.0001487086329968156 0.9744987959022545 39.213834616084206
18 0.00017912210601129074 0.9746779180082659 39.49122352286945
19 1.6331449541714103e-06 0.97467955115322 39.49377066936042
20 0.00012342570026289783 0.9748029768534829 39.68722789930953
21 1.4020395361282862e-06 0.9748043788930191 39.6894363411002
22 3.343325047690529e-06 0.9748077222180668 39.6947036173583
23 2.001372920253455e-05 0.9748277359472693 39.72626371252137
24 0.004602957425220642 0.97943069337249 48.61612586700276
25 9.56468290141143e-05 0.9795263402015041 48.84324589946857
26 3.035184490299697e-06 0.9795293753859944 48.85048789941753
27 2.002913623040409e-06 0.9795313782996175 48.855268060443485
28 5.491064732704629e-05 0.9795862889469446 48.98668338162471
29 2.0568382205838048e-05 0.9796068573291504 49.03609101060343
30 2.4189033755180325e-06 0.9796092762325259 49.04190804620349
31 3.081405573908322e-08 0.9796093070465817 49.041982157470436
32 0.002710496784976977 0.9823198038315586 56.56045840627993
33 0.00012857164757132473 0.9824483754791299 56.97478309263794
34 5.315424614991855e-06 0.9824536909037449 56.99204285723142
35 4.606701332992941e-06 0.9824582976050779 57.007009780845074
36 2.2186120132139914e-05 0.98248048372521 57.079201521047004
37 1.667040415484402e-05 0.9824971541293649 57.1335660149828
38 4.5912943051233995e-06 0.98250174542367 57.14855705395352
39 3.035184490299697e-06 0.9825047806081603 57.15847155746034
40 0.0026428137115460807 0.9851475943197063 67.32916010547778
41 2.5159676510961445e-05 0.9851727539962173 67.44340788200863
42 7.703513934770804e-07 0.9851735243476107 67.44691209463875
43 1.540702786954161e-08 0.9851735397546386 67.44698218260564
44 1.0368929756201502e-05 0.9851839086843949 67.49418444436452
45 8.843633997116884e-06 0.985192752318392 67.53449537027015
46 5.392459754339562e-07 0.9851932915643674 67.5369549111593
47 2.156983901735825e-07 0.9851935072627576 67.53793877767707
48 0.0009040998024125711 0.9860976070651701 71.9300630249549
49 9.815817455684958e-05 0.986195765239727 72.44153822114662
50 1.694773065649577e-07 0.9861959347170335 72.44242761108548
52 2.6484680907742024e-05 0.9862224193979412 72.58168388799471
53 4.622108360862482e-08 0.9862224656190248 72.5819273861409
55 1.5407027869541607e-07 0.9862226196893035 72.58273905842728
56 0.0009396746297633426 0.9871622943190668 77.89553872427658
57 2.1677688212445043e-05 0.9871839720072793 78.02729524061436
58 1.540702786954161e-08 0.9871839874143071 78.02738904270022
60 5.407866782209104e-06 0.9871893952810893 78.06032751317537
61 9.829683780767546e-06 0.98719922496487 78.12026984738308
64 0.00030473560423166344 0.9875039605691016 80.02535567608291
65 4.361729589867229e-05 0.9875475778650002 80.30566175469765
66 3.081405573908322e-08 0.987547608679056 80.30586047501366
68 4.329374831341192e-06 0.9875519380538873 80.33379045902657
69 5.08431919694873e-07 0.987552446485807 80.33707176753843
70 7.703513934770803e-08 0.9875525235209464 80.33756895887929
71 6.162811147816644e-08 0.9875525851490579 80.33796671638291
72 0.0003548084448076737 0.9879073935938655 82.69515821607365
73 3.058295032104009e-05 0.9879379765441865 82.90482966338705
74 3.081405573908322e-08 0.9879380073582422 82.90504145542832
76 5.5619370609045205e-06 0.9879435692953031 82.94328765232538
77 1.0754105452940043e-05 0.9879543234007561 83.01733752861722
78 1.540702786954161e-08 0.9879543388077839 83.01744371211458
80 0.0011228641911321924 0.9890772029989161 91.55164193757035
81 3.343325047690529e-06 0.9890805463239638 91.5796732756509
84 3.657628416229178e-05 0.9891171226081261 91.88746358078872
85 1.2325622295633285e-06 0.9891183551703557 91.89787165960013
86 7.703513934770803e-08 0.9891184322054951 91.89852224281438
87 5.145947308426897e-06 0.9891235781528035 91.94200207099902
88 0.0005087862813358725 0.9896323644341394 96.45400763245188
89 1.5900052761366938e-05 0.9896482644869008 96.60215900363652
90 1.4482606197369112e-06 0.9896497127475206 96.61567602971088
91 9.244216721724964e-08 0.9896498051896878 96.61653894704207
92 3.9750131903417344e-06 0.9896537802028782 96.65365897969694
93 6.162811147816644e-08 0.9896538418309897 96.65423470861732
96 0.0006171593153702281 0.9902710011463599 102.78549880040858
97 1.1925039571025205e-05 0.990282926185931 102.91163977288414
98 1.5407027869541607e-07 0.9902830802562096 102.91327152712662
100 4.930248918253315e-07 0.9902835732811014 102.9184934884533
104 8.891395783512462e-05 0.9903724872389366 103.86898722630637
105 2.215530607640083e-05 0.990394642545013 104.10856698318995
106 7.08723281998914e-07 0.9903953512682949 104.11624911372199
107 1.7564011771277433e-06 0.9903971076694721 104.13529232447675
108 3.235475852603738e-07 0.9903974312170574 104.1388010441887
109 1.5869238705627856e-06 0.9903990181409279 104.15601390342033
110 2.4651244591266575e-07 0.9903992646533738 104.15868825625014
111 2.4651244591266575e-07 0.9903995111658197 104.16136274641907
112 5.907054485182252e-05 0.9904585817106715 104.8062216409102
113 7.3337452659018054e-06 0.9904659154559373 104.8868399874581
114 1.3866325082587446e-06 0.9904673020884456 104.90209689619105
115 1.694773065649577e-07 0.9904674715657521 104.90396193388311
116 4.067455357558984e-06 0.9904715390211096 104.94874274192115
117 8.473865328247885e-07 0.9904723864076425 104.95807688948864
120 0.0005029778318290553 0.9909753642394715 110.80779618538762
121 6.856127401946016e-06 0.9909822203668734 110.89204224136601
124 1.4636676476064528e-06 0.9909836840345211 110.91004395018264
125 1.694773065649577e-07 0.9909838535118276 110.91212873613189
126 1.540702786954161e-08 0.9909838689188555 110.91231826601381
128 0.0013833199972667933 0.9923671889161223 131.013330345911
129 1.2895682326806326e-05 0.9923800845984491 131.23505279290407
130 1.7101800935191184e-06 0.9923817947785426 131.2645132193873
132 1.6793660377800353e-06 0.9923834741445804 131.29345570178046
133 3.081405573908322e-08 0.9923835049586361 131.2939868757446
134 4.005827246080818e-07 0.9923839055413608 131.3008925284094
136 0.00019117040180527227 0.9925750759431661 134.68151220746785
137 1.536080678593298e-05 0.992590436749952 134.96072119952763
140 2.156983901735825e-07 0.9925906524483421 134.96465012985422
141 2.9273352952129054e-07 0.9925909451818716 134.9699826154902
144 3.2108246080124714e-05 0.9926230534279518 135.55744104058846
145 7.934619352813928e-06 0.9926309880473045 135.70340317255383
146 3.035184490299697e-06 0.9926340232317948 135.7593203818461
147 1.540702786954161e-08 0.9926340386388227 135.75960434310124
148 2.032186975992538e-05 0.9926543605085827 136.13518621059555
149 7.703513934770803e-08 0.9926544375437221 136.1366139015459
150 4.622108360862482e-08 0.9926544837648057 136.13747053048994
152 3.800913775415915e-05 0.9926924929025599 136.8455735541209
153 3.0505915181692385e-06 0.9926955434940781 136.902724958287
154 1.540702786954161e-08 0.992695558901106 136.90301372289898
156 1.8180292886059097e-06 0.9926973769303945 136.93709650195902
157 1.063084922998371e-06 0.9926984400153175 136.9570341266575
160 3.2185281219472416e-05 0.992730625296537 137.56341374501127
161 5.423273810078646e-06 0.992736048570347 137.66611873501668
163 1.0014568115202044e-06 0.9927370500271585 137.68510092170837
164 1.2479692574328702e-06 0.9927382979964159 137.7087629740846
165 2.002913623040409e-07 0.9927384982877782 137.7125613448385
167 1.1863411459547038e-06 0.9927396846289241 137.73506368385443
168 0.0003104207975155243 0.9930501054264397 143.88707474849014
169 1.0291894616853794e-05 0.9930603973210566 144.1004688977741
170 7.395373377379971e-07 0.9930611368583943 144.11582698669378
172 1.8488433443449929e-07 0.9930613217427287 144.11966702045248
173 2.3110541804312413e-07 0.9930615528481467 144.1244673504346
174 2.3110541804312413e-07 0.9930617839535647 144.12926800020563
175 2.9273352952129054e-07 0.9930620766870942 144.13534928237422
176 1.770267502210331e-05 0.9930797793621163 144.50406314007623
177 7.503222572466763e-06 0.9930872825846888 144.66091117583798
178 1.540702786954161e-08 0.9930872979917167 144.66123359602742
180 7.703513934770803e-08 0.9930873750268561 144.66284571853313
181 3.081405573908322e-08 0.9930874058409118 144.66349057759626
184 0.0004765547790327915 0.9935639606199446 155.37505924822148
185 6.13199709207756e-06 0.9935700926170367 155.52323547452588
186 4.6221083608624825e-07 0.9935705548278727 155.53441599209302
188 7.703513934770803e-08 0.9935706318630121 155.53627956797774
189 4.622108360862482e-08 0.9935706780840957 155.53739773494448
192 0.00018127908991302655 0.9937519571740088 160.0501193493906
193 3.4819882985164034e-06 0.9937554391623072 160.1393638386715
194 6.162811147816643e-07 0.993756055443422 160.15516969101
195 1.540702786954161e-08 0.9937560708504499 160.1555648772949
196 4.6221083608624825e-07 0.993756533061286 160.16742137277515
197 1.5407027869541607e-07 0.9937566871315646 160.17137392805486
200 5.4571692713916376e-05 0.9938112588242786 161.58374887659247
201 9.39828700042038e-07 0.9938121986529787 161.60829088047157
204 1.540702786954161e-08 0.9938122140600065 161.6086932705133
208 2.0845708707489796e-05 0.9938330597687141 162.1549686709835
209 2.6962298771697814e-06 0.9938357559985912 162.2258949794096
210 8.782005885638717e-07 0.9938366341991798 162.2490100890848
212 3.774721828037694e-06 0.9938404089210078 162.3484395596617
213 6.162811147816644e-08 0.9938404705491193 162.350063909024
216 0.00030373414742014326 0.9941442046965394 170.77099662432397
217 3.343325047690529e-06 0.9941475480215871 170.86855282000755
218 7.950026380683469e-06 0.9941554980479678 171.1009780144368
219 4.637515388732024e-06 0.9941601355633565 171.23685161684196
221 6.625021983902891e-07 0.9941607980655549 171.2562797496455
224 0.00018648666533293163 0.9943472847308878 176.90613313998844
225 1.6023308984323273e-06 0.9943488870617863 176.9562935537596
226 4.622108360862482e-08 0.9943489332828699 176.95774091087856
228 1.5268364618715734e-05 0.9943642016474886 177.43715041798615
232 3.605244521472736e-05 0.9944002540927034 178.5795313849819
233 7.688106906901263e-06 0.9944079421996103 178.82504718214912
234 4.005827246080818e-07 0.9944083427823349 178.83785809344946
236 5.546530033034979e-07 0.9944088974353382 178.85559930888036
237 4.622108360862482e-08 0.9944089436564219 178.85707790238843
240 1.6916916600756686e-05 0.9944258605730226 179.39988999203388
241 1.6331449541714103e-06 0.9944274937179768 179.45246705705446
248 3.391086834086108e-05 0.9944614045863176 180.55119128752864
249 3.250882880473279e-06 0.994464655469198 180.65722818794822
252 4.622108360862482e-08 0.9944647016902817 180.65873671962703
256 7.233599584749785e-05 0.9945370376861292 183.05086920715928
257 4.9610629739923974e-06 0.9945419987491032 183.21725372189903
258 7.08723281998914e-07 0.9945427074723852 183.2410476330208
259 2.9273352952129054e-07 0.9945430002059147 183.2508773564315
260 6.779092262598308e-07 0.994543678115141 183.27364497592146
261 1.540702786954161e-08 0.9945436935221689 183.2741624875694
264 3.702308797050848e-05 0.9945807166101394 184.52624232033665
265 9.244216721724965e-07 0.9945816410318116 184.55772418753924
267 9.244216721724965e-07 0.9945825654534838 184.58921679876468
272 1.428231483506507e-05 0.9945968477683188 185.0771470284577
273 2.4959385148657404e-06 0.9945993437068337 185.16268129585305
274 6.625021983902891e-07 0.9946000062090321 185.18539811520046
276 5.700600311730395e-07 0.9946005762690633 185.2049496079308
277 3.081405573908322e-08 0.994600607083119 185.2060065629868
278 5.700600311730395e-07 0.9946011771431502 185.22556240778397
280 3.465040567859907e-05 0.9946358275488288 186.42204535793226
281 6.8407203740764735e-06 0.9946426682692029 186.66008570113527
284 1.540702786954161e-08 0.9946426836762308 186.6606225141532
285 7.241303098684556e-07 0.9946434078065406 186.68585620929588
288 0.00016214356129905588 0.9948055513678397 192.51321378147995
289 3.959606162472193e-06 0.9948095109740022 192.66007402987563
292 5.700600311730395e-07 0.9948100810340333 192.68123578760802
294 7.703513934770803e-08 0.9948101580691727 192.68409584116117
296 3.247801474899371e-05 0.9948426360839218 193.89750583286735
297 5.839263562556269e-06 0.9948484753474843 194.11728904600403
298 4.159897524776234e-07 0.9948488913372368 194.13296543885417
300 4.622108360862482e-08 0.9948489375583204 194.13470741657855
301 1.540702786954161e-08 0.9948489529653483 194.13528808276712
304 1.534539975806344e-05 0.9948642983651064 194.7153614231937
305 2.126169845996742e-06 0.9948664245349523 194.79600656668526
306 6.162811147816644e-08 0.9948664861630638 194.7983451032889
308 6.162811147816644e-08 0.9948665477911753 194.80068369604174
309 7.703513934770803e-08 0.9948666248263147 194.8036070159457
310 6.008740869121227e-07 0.9948672257004016 194.82641192273962
312 3.6853610663943526e-05 0.9949040793110656 196.23539317859974
313 1.0476778951288294e-06 0.9949051269889607 196.27574580038737
316 7.85758421346622e-07 0.994905912747382 196.30602115935105
320 2.8610850753738767e-05 0.9949345235981358 197.4147978721184
321 3.189254768995113e-06 0.9949377128529048 197.53916973552302
322 2.819486100126114e-06 0.9949405323390049 197.64925225420336
324 1.540702786954161e-08 0.9949405477460328 197.64985413507625
326 6.162811147816644e-08 0.9949406093741443 197.6522616952253
328 2.6084098183133942e-05 0.9949666934723275 198.6765547661595
329 8.612528579073758e-06 0.9949753060009066 199.0170944102109
336 1.7209650130277976e-05 0.9949925156510369 199.70107349552904
337 1.3250043967805782e-06 0.9949938406554336 199.753929344136
338 1.4482606197369112e-06 0.9949952889160534 199.81173402949338
340 6.162811147816643e-07 0.9949959051971682 199.83634191624435
341 1.540702786954161e-08 0.9949959206041961 199.83695719107254
344 2.126169845996742e-05 0.995017182302656 200.6896621028367
345 2.033727678779492e-06 0.9950192160303348 200.77160665677783
348 1.540702786954161e-08 0.9950192314373627 200.77222770425305
349 6.162811147816644e-08 0.9950192930654742 200.7747119325761
352 1.2664576908763202e-05 0.995031957642383 201.28652857936888
353 3.250882880473279e-06 0.9950352085252634 201.4183284612275
354 5.08431919694873e-07 0.9950357169571831 201.4389573227397
357 2.3110541804312413e-07 0.9950359480626011 201.44833547490765
360 1.369684777602249e-05 0.9950496449103771 202.00571108448884
361 4.129083469037151e-06 0.9950537739938461 202.1743443902154
362 1.2325622295633287e-07 0.9950538972500691 202.17938254800106
364 7.703513934770803e-08 0.9950539742852085 202.182531524131
365 4.622108360862482e-08 0.9950540205062921 202.1844209568934
368 2.6392238740524773e-05 0.9950804127450327 203.2690850213696
369 6.532579816685641e-06 0.9950869453248493 203.5393591400099
373 1.540702786954161e-08 0.9950869607318772 203.53999742853333
376 3.5882967908162405e-05 0.9951228436997853 205.03751334686208
377 6.933162541293723e-07 0.9951235370160394 205.06666477099182
380 1.2941903410414951e-06 0.9951248312063804 205.12110294699022
384 2.0537568150098962e-05 0.9951453687745305 205.98886991736296
385 2.3264612083007826e-06 0.9951476952357389 206.0876322866897
386 7.703513934770803e-08 0.9951477722708783 206.0909041837159
389 3.081405573908322e-08 0.995147803084934 206.09221297161602
392 3.418819484251283e-05 0.9951819912797765 207.5546264170325
393 1.0784919508679125e-06 0.9951830697717273 207.6010970909567
397 1.540702786954161e-08 0.9951830851787552 207.6017611084884
400 1.9505297282839676e-05 0.995202590476038 208.44582790049878
401 3.5590234378641116e-06 0.9952061494994758 208.6005810758301
402 7.395373377379971e-07 0.9952068890368135 208.63276641840963
407 2.002913623040409e-07 0.9952070893281758 208.64148499128987
408 1.4020395361282862e-05 0.9952211097235371 209.25360118126457
409 1.2479692574328702e-06 0.9952223576927944 209.3082603718189
412 0.0001355356241683575 0.9953578933169628 215.41943524350984
413 1.540702786954161e-08 0.9953579087239907 215.42015021722457
416 8.951483192203674e-06 0.9953668602071829 215.8363539020194
417 1.3866325082587446e-06 0.9953682468396912 215.9009699759824
418 2.002913623040409e-07 0.9953684471310534 215.9103066068309
420 1.540702786954161e-08 0.9953684625380813 215.91102484265213
421 1.5407027869541607e-07 0.99536861660836 215.91820746368504
424 2.674660038152423e-05 0.9953953632087414 217.17239498637565
425 1.494481703345536e-06 0.9953968576904448 217.24290338019932
429 1.0784919508679125e-07 0.99539696553964 217.24799338603765
432 8.53549343972605e-06 0.9954055010330797 217.65158882390529
433 4.560480249384316e-06 0.9954100615133291 217.8678435242619
434 4.622108360862482e-08 0.9954101077344127 217.87003749467178
440 3.056754329317055e-05 0.995440675277706 219.33072569063427
441 4.930248918253315e-07 0.9954411683025978 219.35444569489852
444 1.540702786954161e-08 0.9954411837096256 219.35518702770165
448 2.5175083538830986e-05 0.9954663587931645 220.5732554425052
449 2.6346017656916148e-06 0.9954689933949301 220.70151009735193
453 7.703513934770803e-08 0.9954690704300695 220.7052624778136
455 4.005827246080818e-07 0.9954694710127941 220.72477691324474
456 1.5175922451498483e-05 0.9954846469352456 221.46662412862707
457 1.1863411459547038e-06 0.9954858332763916 221.5248264469625
461 1.540702786954161e-08 0.9954858486834195 221.5255825224542
464 1.1555270902156205e-05 0.9954974039543216 222.09409635132766
465 1.3866325082587446e-06 0.9954987905868299 222.16251416210366
467 4.468038082167066e-07 0.9954992373906381 222.1845688817093
469 7.549443656075388e-07 0.9954999923350036 222.221843704528
472 2.252507474526983e-05 0.995522517409749 223.33978521263913
473 1.1247130344765374e-06 0.9955236421227834 223.39590073656225
476 2.002913623040409e-07 0.9955238424141457 223.40589687017163
477 7.703513934770803e-08 0.9955239194492851 223.40974177515233
480 2.1600653073097333e-05 0.9955455201023582 224.49309975097168
481 7.76514204624897e-06 0.9955532852444045 224.88512417884334
488 2.0244834620577672e-05 0.995573530079025 225.91365531740587
489 1.3296265051414408e-05 0.9955868263440765 226.5943010553781
490 3.235475852603738e-07 0.9955871498916617 226.61091481681223
492 1.540702786954161e-08 0.9955871652986896 226.61170600907704
496 4.7761786395578985e-06 0.9955919414773292 226.8572422205757
497 6.162811147816644e-08 0.9955920031054407 226.86041390688882
500 5.546530033034979e-07 0.995592557758444 226.888963075093
501 7.703513934770803e-08 0.9955926347935834 226.8929288056543
504 3.597541007537965e-05 0.9956286102036588 228.76019906460493
505 5.238389475644147e-07 0.9956291340426063 228.78761548576452
512 1.1555270902156205e-05 0.9956406893135085 229.39406523576343
513 7.703513934770803e-08 0.9956407663486478 229.39811902255292
516 3.081405573908322e-08 0.9956407971627036 229.39974057738593
520 8.597121551204217e-06 0.9956493942842548 229.85305158335066
521 1.540702786954161e-08 0.9956494096912827 229.85386557688298
524 6.162811147816644e-08 0.9956494713193942 229.85712160866603
525 2.002913623040409e-07 0.9956496716107565 229.86770434906998
528 5.993333841251686e-06 0.9956556649445977 230.18482397126954
529 3.0814055739083213e-07 0.9956559730851551 230.20115197322596
536 1.130875845624354e-05 0.9956672818436113 230.80199632313423
537 3.081405573908322e-08 0.9956673126576671 230.80363778604635
540 6.162811147816643e-07 0.9956679289387819 230.83647194808714
544 3.250882880473279e-06 0.9956711798216623 231.00982688174636
545 1.540702786954161e-08 0.9956711952286902 231.01064908903692
546 1.5591912203976106e-05 0.9956867871408942 231.8457337176995
552 1.5083480284281234e-05 0.9957018706211784 232.65935290997987
556 1.540702786954161e-08 0.9957018860282063 232.66018690115817
557 1.2325622295633287e-07 0.9957020092844293 232.6668590458367
560 8.8128199413778e-06 0.9957108221043707 233.14491129384035
564 1.2325622295633285e-06 0.9957120546666003 233.21192838229274
568 1.7225057158147517e-05 0.9957292797237585 234.15253992707153
569 4.005827246080818e-07 0.9957296803064831 234.17450490139697
576 3.189254768995113e-06 0.9957328695612521 234.3495270075271
580 6.162811147816644e-08 0.9957329311893636 234.35291165385505
584 7.688106906901263e-06 0.9957406192962704 234.77591451836898
585 8.319795049552468e-07 0.9957414512757754 234.8217819633099
588 3.081405573908322e-08 0.9957414820898312 234.82348110175047
589 1.540702786954161e-08 0.995741497496859 234.82433068019185
592 4.298560775602109e-06 0.9957457960576346 235.06160342749826
593 3.081405573908322e-08 0.9957458268716903 235.0633060383546
594 7.703513934770803e-08 0.9957459039068297 235.06756267340631
596 6.933162541293723e-07 0.9957465972230838 235.10587932728438
600 7.071825792119598e-06 0.9957536690488759 235.49742389609716
608 5.854670590425811e-06 0.9957595237194663 235.82256658069113
609 7.703513934770803e-08 0.9957596007546057 235.8268507584852
612 1.540702786954161e-08 0.9957596161616336 235.8277076127234
616 1.1200909261156749e-05 0.9957708170708948 236.45229273910107
617 1.8488433443449929e-07 0.9957710019552292 236.46263001622845
624 1.3250043967805782e-06 0.9957723269596259 236.536740294258
625 1.0784919508679125e-07 0.995772434808821 236.54277457070458
628 1.540702786954161e-08 0.9957724502158489 236.5436366353301
632 2.001372920253455e-05 0.9957924639450515 237.66878927249965
633 9.39828700042038e-07 0.9957934037737516 237.72188872328107
640 6.3476954822511424e-06 0.9957997514692338 238.08114988319255
641 1.1555270902156205e-06 0.9958009069963241 238.1466662263942
642 4.930248918253315e-07 0.9958014000212159 238.1746308419666
645 3.081405573908322e-08 0.9958014308352716 238.17637884850535
648 6.886941457685099e-06 0.9958083177767293 238.56770306879665
653 7.703513934770803e-08 0.9958083948118687 238.57208756958627
656 3.0043704345606135e-06 0.9958113991823032 238.74320889568006
658 1.540702786954161e-08 0.9958114145893311 238.7440870736122
661 4.622108360862482e-08 0.9958114608104147 238.7467216461719
664 1.91817496975793e-05 0.9958306425601123 239.84511148723738
665 3.081405573908322e-08 0.9958306733741681 239.8468840997718
672 2.3264612083007826e-06 0.9958329998353764 239.98079205507693
674 4.930248918253315e-07 0.9958334928602682 240.00918910326845
676 8.936076164334132e-07 0.9958343864678847 240.0606758861275
680 1.1324165484113082e-05 0.9958457106333688 240.71505659484671
681 1.0784919508679125e-07 0.9958458184825639 240.72130594264254
684 3.081405573908322e-08 0.9958458492966197 240.72309153018415
685 6.162811147816644e-08 0.9958459109247312 240.72666278473775
688 7.241303098684556e-07 0.995846635055041 240.76863296439106
689 4.622108360862482e-08 0.9958466812761246 240.77131240891697
692 1.540702786954161e-08 0.9958466966831525 240.7722055703451
696 1.0754105452940043e-05 0.9958574507886054 241.39725298842163
697 2.1723909296053666e-06 0.995859623179535 241.52391034971
704 1.5869238705627856e-06 0.9958612101034056 241.61651714256845
707 1.063084922998371e-06 0.9958622731883285 241.6785944348133
712 6.702057123250599e-06 0.9958689752454518 242.07068691588395
713 3.081405573908322e-08 0.9958690060595076 242.07249257809258
716 3.081405573908322e-08 0.9958690368735633 242.07429826723913
719 3.389546131299154e-07 0.9958693758281765 242.09416262591975
720 3.06599854603878e-06 0.9958724418267225 242.27399300491314
721 1.063084922998371e-06 0.9958735049116455 242.3364086442582
724 6.008740869121227e-07 0.9958741057857324 242.371701276767
728 1.1740155236590705e-05 0.9958858459409691 243.06333347068338
736 7.611071767553554e-06 0.9958934570127366 243.5138273485828
740 9.090146443029549e-07 0.9958943660273809 243.5677429281581
744 6.389294457498904e-05 0.9959582589719559 247.41812824260109
745 1.3866325082587446e-06 0.9959596456044641 247.50304109582333
749 6.162811147816644e-08 0.9959597072325757 247.50681635318512
751 7.85758421346622e-07 0.995960492990997 247.5549609819362
752 1.3866325082587447e-07 0.9959606316542478 247.56345903724977
756 3.081405573908322e-08 0.9959606624683035 247.56534757322106
757 1.540702786954161e-08 0.9959606778753314 247.56629185201177
760 1.2895682326806326e-05 0.9959735735576581 248.35918756245258
764 4.622108360862482e-08 0.9959736197787418 248.36203861728276
768 8.22735288233522e-06 0.9959818471316241 248.87057131905107
769 3.081405573908322e-08 0.9959818779456798 248.87247985033903
772 6.316881426512059e-07 0.9959825096338225 248.91161119359876
776 3.146115090960396e-05 0.9960139707847321 250.87623446653188
784 2.8811142116042807e-06 0.9960168518989437 251.05769974629268
788 5.08431919694873e-07 0.9960173603308634 251.08975028534115
792 1.0553814090636002e-05 0.9960279141449541 251.75689461234847
793 4.622108360862482e-08 0.9960279603660377 251.75982420962137
797 4.622108360862482e-08 0.9960280065871213 251.76275387507627
800 0.0005257956401038465 0.9965538022272251 290.17487269594466
801 3.235475852603738e-07 0.9965541257748104 290.2021184319275
802 7.549443656075388e-07 0.996554880719176 290.26571171748026
803 7.241303098684556e-07 0.9965556048494858 290.326735552021
804 4.6221083608624825e-07 0.9965560670603218 290.3657003534609
808 0.0001323001483157538 0.9966883672086376 301.9658467594198
809 3.081405573908322e-08 0.9966883980226934 301.96865651509114
811 1.063084922998371e-06 0.9966894611076164 302.06562511639424
813 2.4651244591266575e-07 0.9966897076200623 302.08811948472294
816 1.1863411459547038e-06 0.9966908939612082 302.19642050670814
819 1.540702786954161e-08 0.9966909093682361 302.1978275242827
820 1.3866325082587447e-07 0.9966910480314869 302.2104912720611
824 0.00011157769583122033 0.9968026257273181 312.7566292579295
829 7.703513934770803e-08 0.9968027027624575 312.76416476330684
832 2.156983901735825e-06 0.9968048597463592 312.97530643937523
833 8.936076164334132e-07 0.9968057533539757 313.06286295851436
834 3.235475852603738e-07 0.996806076901561 313.09457653778003
840 9.952940003723879e-06 0.9968160298415647 314.07329536387056
841 1.540702786954161e-08 0.9968160452485926 314.0748151518055
848 6.393916565859767e-06 0.9968224391651584 314.70679932705815
849 1.2325622295633287e-07 0.9968225624213815 314.719007142469
850 2.9273352952129054e-07 0.996822855154911 314.7480045002422
856 1.6947730656495768e-05 0.9968398028855675 316.43595756512775
859 3.851756967385402e-07 0.9968401880612643 316.47453056972586
860 3.081405573908322e-08 0.99684021887532 316.47761681634995
864 9.120960498768632e-06 0.9968493398358188 317.3937993594696
866 1.540702786954161e-08 0.9968493552428467 317.395351452927
868 6.162811147816644e-08 0.9968494168709582 317.4015599785582
871 4.005827246080818e-07 0.9968498174536828 317.4419213163021
872 4.560480249384316e-06 0.9968543779339323 317.9021443126128
873 2.3110541804312413e-07 0.9968546090393503 317.92550195205143
875 4.31396780347165e-07 0.9968550404361306 317.9691120637656
880 2.357275264039866e-06 0.9968573977113946 318.2076216344158
881 1.540702786954161e-08 0.9968574131184225 318.2091816974726
886 3.4665812706468617e-06 0.9968608796996931 318.56058523855256
888 6.3476954822511424e-06 0.9968672273951753 319.2060599802002
889 3.235475852603738e-07 0.9968675509427606 319.239030460494
892 1.540702786954161e-08 0.9968675663497885 319.24060065325483
896 1.2633762853024118e-05 0.9968802001126414 320.53337909652646
904 8.566307495465133e-06 0.9968887664201369 321.4159189050679
908 4.622108360862482e-08 0.9968888126412205 321.4206939926321
909 6.162811147816644e-08 0.996888874269332 321.42706099675974
911 4.005827246080818e-07 0.9968892748520567 321.4684526728961
912 2.4959385148657404e-06 0.9968917707905716 321.7265949906851
913 2.2679145023965246e-05 0.9969144499355955 324.0913221717583
916 6.316881426512059e-07 0.9969150816237382 324.1576852389103
920 5.038098113340106e-06 0.9969201197218516 324.68794553312415
921 3.851756967385402e-07 0.9969205048975484 324.7285567052471
928 1.1139281149678582e-05 0.9969316441786981 325.90744302128843
929 1.540702786954161e-08 0.9969316595857259 325.9090794971619
932 8.70497074629101e-06 0.9969403645564723 326.83632362652105
936 1.235643635137237e-05 0.9969527209928236 328.1616148849469
937 2.4189033755180325e-06 0.9969551398961991 328.4223136398619
939 2.156983901735825e-07 0.9969553555945893 328.4455807787814
944 4.514259165775691e-06 0.9969598698537551 328.93328637103446
945 2.002913623040409e-07 0.9969600701451173 328.95495874479616
952 7.318338238032263e-06 0.9969673884833554 329.74879720381927
957 4.930248918253315e-07 0.9969678815082472 329.8024146219727
959 4.6221083608624825e-07 0.9969683437190833 329.852696789761
960 2.4327697006006198e-05 0.9969926714160893 332.5210305751161
961 7.703513934770803e-08 0.9969927484512286 332.5295485868358
968 3.2816969362123623e-06 0.9969960301481648 332.89282160707796
969 1.540702786954161e-08 0.9969960455551927 332.89452898615986
970 4.31396780347165e-07 0.996996476951973 332.94234271213674
972 6.316881426512059e-07 0.9969971086401157 333.01238045406035
976 1.2787833131719535e-06 0.9969983874234288 333.1542544182469
984 4.914841890383773e-06 0.9970033022653192 333.7006560344713
985 1.3866325082587446e-06 0.9970046888978275 333.85513754303634
992 2.3418682361703243e-06 0.9970070307660637 334.11636466600385
993 1.540702786954161e-08 0.9970070461730915 334.11808461908095
994 3.851756967385402e-07 0.9970074313487883 334.1610892017824
995 4.468038082167066e-07 0.9970078781525965 334.2109883886515
1000 1.0600035174244626e-05 0.9970184781877708 335.3991897353664
1004 3.081405573908322e-08 0.9970185090018265 335.4026561249472
1008 1.9875065951708672e-06 0.9970204965084217 335.62638970773287
1016 1.1000617898852708e-05 0.9970314971263206 336.8701471932565
1018 4.6221083608624825e-07 0.9970319593371566 336.9226077388022
1024 6.0025780579734105e-05 0.9970919851177363 343.8771947485967
1026 2.7732650165174894e-07 0.997092262444238 343.90999215812514
1027 2.9273352952129054e-07 0.9970925551777675 343.9446184337726
1028 7.703513934770803e-08 0.9970926322129069 343.953731770495
1032 5.5742626832001536e-05 0.997148374839739 350.6772257222108
1033 6.008740869121227e-07 0.9971489757138259 350.75113349593096
1040 3.6822796608204444e-06 0.9971526579934867 351.20473680805134
1041 3.389546131299154e-07 0.9971529969480999 351.24655006344057
1047 1.540702786954161e-08 0.9971530123551278 351.2484509025249
1048 4.483445110036608e-06 0.9971574958002378 351.80247054117547
1049 7.08723281998914e-07 0.9971582045235198 351.89020753829004
1052 1.8488433443449929e-07 0.9971583894078542 351.9131026481906
1054 3.851756967385402e-07 0.997158774583551 351.9608103639299
1056 2.6962298771697814e-06 0.9971614708134281 352.2951269025709
1061 1.8488433443449929e-07 0.9971616556977625 352.31807473522025
1064 5.7622284232085615e-06 0.9971674179261857 353.0347837912473
1065 5.854670590425811e-07 0.9971680033932447 353.10776771930625
1068 5.854670590425811e-07 0.9971685888603038 353.1807818299728
1072 3.7439077722986105e-06 0.997172332768076 353.6484027222663
1079 2.7732650165174894e-07 0.9971726100945777 353.68309057135065
1080 6.578800900294267e-06 0.997179188895478 354.50796347082655
1088 0.00011598410580190922 0.9972951730012799 369.7094122741273
1089 1.540702786954161e-08 0.9972951884083078 369.71151819649117
1091 7.395373377379971e-07 0.9972959279456455 369.81263069142057
1096 4.529666193645233e-06 0.9973004576118392 370.4331535543279
1097 9.42756035337251e-05 0.9973947332153729 383.8378495057347
1098 1.540702786954161e-08 0.9973947486224007 383.8401194596048
1100 1.540702786954161e-08 0.9973947640294286 383.8423894403233
1101 2.6191947378220734e-07 0.9973950259489024 383.8809832207922
1104 4.02123427395036e-06 0.9973990471831763 384.47448701557096
1112 4.622108360862482e-06 0.9974036692915371 385.15894633162344
1113 1.0784919508679125e-07 0.9974037771407323 385.174946145434
1116 3.081405573908322e-08 0.997403807954788 385.1795177649667
1120 2.834893127995656e-06 0.997406642847916 385.60057152036234
1122 2.002913623040409e-07 0.9974068431392783 385.6303547027579
1123 6.625021983902891e-07 0.9974075056414767 385.7289010918498
1124 3.235475852603738e-07 0.997407829189062 385.77704670555477
1125 4.31396780347165e-07 0.9974082605858423 385.8412595561803
1128 6.933162541293723e-06 0.9974151937483836 386.8761921225846
1132 3.081405573908322e-08 0.9974152245624394 386.8808042155269
1136 1.417446563997828e-06 0.9974166420090034 387.09307942807135
1137 4.622108360862482e-08 0.997416688230087 387.10000536779114
1144 2.5437003012613193e-05 0.9974421252330996 390.94955427070823
1145 7.703513934770803e-08 0.997442202268239 390.9613287957339
1152 4.298560775602109e-06 0.9974465008290145 391.6194731381384
1153 1.540702786954161e-08 0.9974465162360424 391.62183606373225
1156 1.0784919508679125e-07 0.9974466240852375 391.6383773413289
1160 9.737241613550297e-06 0.9974563613268511 393.1375987305835
1168 4.159897524776234e-07 0.9974567773166035 393.2019034465769
1169 6.470951705207476e-07 0.9974574244117741 393.3019748285067
1170 6.162811147816644e-08 0.9974574860398856 393.3115080929604
1173 4.159897524776234e-07 0.997457902029638 393.3758697181944
1175 7.703513934770803e-08 0.9974579790647774 393.3877908493433
1176 3.096812601777863e-06 0.9974610758773792 393.8676193945298
1177 2.6191947378220734e-07 0.997461337796853 393.9082556002769
1180 1.540702786954161e-08 0.9974613532038809 393.9106462264498
1182 4.468038082167066e-07 0.997461800007689 393.9799870102128
1184 3.3279180198209873e-06 0.9974651279257088 394.4972253795645
1185 9.706427557811213e-07 0.9974660985684646 394.64834249454117
1188 1.0784919508679125e-07 0.9974662064176597 394.66514043198725
1191 1.540702786954161e-08 0.9974662218246876 394.6675402540709
1192 8.905262108595049e-06 0.9974751270867962 396.0595381931932
1193 4.468038082167066e-07 0.9974755738906044 396.12963765432204
1196 3.081405573908322e-08 0.9974756047046601 396.13447301460104
1197 1.540702786954161e-08 0.997475620111688 396.1368907390079
1200 1.694773065649577e-06 0.9974773148847537 396.40302071642077
1204 1.540702786954161e-08 0.9974773302917815 396.405441719999
1205 7.703513934770803e-08 0.9974774073269209 396.4175471814867
1208 3.574430465733653e-06 0.9974809817573866 396.98005480204426
1216 2.357275264039866e-06 0.9974833390326506 397.3518932322586
1217 1.540702786954161e-08 0.9974833544396785 397.3543258400887
1224 4.514259165775691e-06 0.9974878686988443 398.0683651129057
1227 1.540702786954161e-08 0.9974878841058722 398.0708065012239
1229 7.703513934770803e-08 0.9974879611410116 398.08301389202586
1232 2.8811142116042807e-06 0.9974908422552232 398.5401085609953
1236 2.9273352952129054e-07 0.9974911349887527 398.5866100874283
1238 1.540702786954161e-08 0.9974911503957806 398.58905783678813
1240 8.597121551204217e-06 0.9974997475173318 399.95960685252163
1244 2.3110541804312413e-07 0.9974999786227499 399.9965796692247
1248 4.129083469037151e-06 0.9975041077062189 400.65831466031204
1249 2.6191947378220734e-07 0.9975043696256927 400.70036424266215
1256 6.686650095381058e-06 0.9975110562757881 401.7768623180208
1264 7.241303098684556e-07 0.9975117804060979 401.89378881619007
1266 8.011654492161636e-07 0.9975125815715471 402.0232336310095
1272 5.407866782209104e-06 0.9975179894383293 402.89917192248305
1280 2.033727678779492e-06 0.9975200231660081 403.2295730723974
1281 1.2325622295633287e-07 0.9975201464222311 403.24961480172635
1288 6.90234848555464e-06 0.9975270487707166 404.37514018009443
1289 1.540702786954161e-08 0.9975270641777445 404.3776595414951
1293 3.235475852603738e-07 0.9975273877253298 404.4305733835179
1296 6.162811147816643e-07 0.9975280040064446 404.5313999727505
1297 1.0014568115202044e-06 0.9975290054632561 404.69535044691594
1301 5.546530033034979e-07 0.9975295601162594 404.7862109827363
1303 4.6221083608624825e-07 0.9975300223270954 404.86195926785325
1304 7.025604708510973e-06 0.997537047931804 406.0168335847661
1305 3.081405573908322e-08 0.9975370787458597 406.0219133352149
1308 3.6976866886899857e-07 0.9975374485145286 406.0828802564454
1312 2.403496347648491e-06 0.9975398520108762 406.47961196683025
1320 2.9581493509519886e-06 0.9975428101602272 406.9689625985308
1324 3.6976866886899857e-07 0.9975431799288961 407.030214284544
1328 2.773265016517489e-06 0.9975459531939126 407.4901902928019
1329 1.063084922998371e-06 0.9975470162788356 407.66679019186574
1332 5.546530033034979e-07 0.9975475709318389 407.7589900489229
1335 2.7732650165174894e-07 0.9975478482583405 407.8051056184883
1336 1.0091603254549753e-05 0.9975579398615951 409.4903251044389
1337 6.162811147816644e-08 0.9975580014897066 409.50065931033976
1341 2.6191947378220734e-07 0.9975582634091804 409.5445855051639
1343 3.851756967385402e-07 0.9975586485848772 409.609199972425
1344 7.025604708510973e-06 0.9975656741895857 410.7913557511143
1346 1.5407027869541607e-07 0.9975658282598644 410.81735668506747
1347 1.2325622295633287e-07 0.9975659515160874 410.8381598022054
1349 1.694773065649577e-07 0.9975661209933939 410.86676752861695
1350 6.162811147816643e-07 0.9975667372745087 410.9708292178365
1352 8.550900467595592e-06 0.9975752881749763 412.4201439856599
1353 4.468038082167066e-07 0.9975757349787845 412.49615501963837
1356 1.540702786954161e-08 0.9975757503858124 412.49877658951374
1360 1.0938989787374541e-06 0.9975768442847911 412.68499326044724
1361 1.9875065951708672e-06 0.9975788317913863 413.02376119194554
1364 9.090146443029549e-07 0.9975797408060306 413.1788869934784
1366 7.703513934770804e-07 0.9975805111574241 413.3104407852297
1367 2.6191947378220734e-07 0.9975807730768979 413.3551881597413
1368 1.0707884369331418e-05 0.9975914809612672 415.19289817451994
1369 9.244216721724964e-08 0.9975915734034344 415.20883444236824
1370 3.851756967385402e-07 0.9975919585791312 415.27524872857214
1372 1.2325622295633287e-07 0.9975920818353542 415.296505787644
1374 1.2633762853024118e-06 0.9975933452116394 415.5145161808664
1375 3.081405573908322e-08 0.9975933760256952 415.51983636698765
1376 2.834893127995656e-06 0.9975962109188232 416.00987700237374
1377 2.6191947378220734e-07 0.997596472838297 416.0552108308431
1378 1.540702786954161e-08 0.9975964882453249 416.05787783433027
1380 6.933162541293723e-07 0.997597181561579 416.1779283902632
1381 1.540702786954161e-08 0.9975971969686068 416.18059696727937
1382 1.140120062346079e-06 0.9975983370886692 416.37816667863586
1383 2.3110541804312413e-07 0.9975985681940872 416.4182374605876
1384 7.010197680641431e-06 0.9976055783917679 417.6373937496899
1385 1.540702786954161e-08 0.9976055937987958 417.64008107607765
1386 3.6976866886899857e-07 0.9976059635674647 417.7045872860763
1387 3.081405573908322e-08 0.9976059943815204 417.7099637030491
1388 1.540702786954161e-08 0.9976060097885483 417.7126519634371
1391 2.7732650165174894e-07 0.99760628711505 417.7610465679835
1392 1.0476778951288294e-06 0.997607334792945 417.94397187346914
1393 0.00011428933273625965 0.9977216241256813 438.90914193385277
1394 1.0938989787374541e-06 0.9977227180246601 439.1199732087308
1395 1.016863839389746e-06 0.9977237348884994 439.31613894515493
1396 4.005827246080818e-07 0.9977241354712241 439.3934644861525
1398 5.08431919694873e-07 0.9977246439031437 439.49164765095503
1400 6.03955492486031e-06 0.9977306834580686 440.66130992413355
1401 3.54361640999457e-07 0.9977310378197096 440.7301314612574
1402 1.2787833131719535e-06 0.9977323166030228 440.97866630455053
1403 4.6221083608624825e-07 0.9977327788138588 441.0685671573119
1404 2.6191947378220734e-07 0.9977330407333326 441.119527246762
1405 3.250882880473279e-06 0.997736291616213 441.75301340143966
1408 3.651465605081361e-06 0.9977399430818181 442.46673256550554
1409 3.54361640999457e-07 0.9977402974434592 442.5361192363307
1410 8.165724770857052e-07 0.9977411140159362 442.6960931427747
1412 4.3755959149498165e-06 0.9977454896118512 443.5552859976372
1413 1.4790746754759943e-06 0.9977469686865267 443.84647209291535
1414 9.244216721724965e-07 0.9977478931081989 444.02865762746103
1415 7.703513934770803e-08 0.9977479701433383 444.0438465066969
1416 1.2618355825154577e-05 0.9977605884991634 446.54588923313617
1420 3.605244521472736e-06 0.9977641937436849 447.26594586425
1421 1.2633762853024118e-06 0.9977654571199701 447.51882317273964
1422 1.1709341180851621e-06 0.9977666280540882 447.753452724485
1423 4.159897524776234e-07 0.9977670440438406 447.8368671991106
1424 1.571516842693244e-06 0.9977686155606833 448.15226922807784
1425 2.7732650165174894e-07 0.997768892887185 448.2079745325514
1426 1.2633762853024118e-06 0.9977701562634702 448.46191848234923
1427 3.6822796608204444e-06 0.9977738385431311 449.2037165204026
1428 5.7622284232085615e-06 0.9977796007715543 450.36945932465864
1429 2.3110541804312413e-07 0.9977798318769723 450.41633992846664
1430 6.008740869121227e-07 0.9977804327510592 450.5382751872981
1431 3.4665812706468617e-06 0.9977838993323298 451.2430389957456
1432 5.007284057601023e-06 0.9977889066163874 452.26493254941374
1433 1.5098887312150776e-06 0.9977904165051187 452.5739816198766
1435 4.098269413298068e-06 0.997794514774532 453.4149621373154
1436 1.3404114246501199e-06 0.9977958551859566 453.6906983736444
1437 8.6279356069433e-07 0.9977967179795173 453.86836124633646
1438 1.5098887312150776e-06 0.9977982278682486 454.1796063176322
1439 8.936076164334132e-07 0.997799121475865 454.3640137490261
1440 5.793042478947645e-06 0.997804914518344 455.5631242413266
1441 7.549443656075388e-07 0.9978056694627095 455.7198576085045
1442 4.159897524776234e-07 0.997806085452462 455.80626698618664
1443 1.8488433443449929e-07 0.9978062703367964 455.8446816731463
1444 3.6976866886899857e-07 0.9978066401054653 455.921530475566
1445 1.617737926301869e-06 0.9978082578433916 456.2580488698654
1446 4.930248918253315e-07 0.9978087508682834 456.3607056476464
1448 1.015323136602792e-05 0.9978189040996494 458.48511284590126
1449 4.49885213790615e-06 0.9978234029517873 459.4327649305313
1450 4.31396780347165e-07 0.9978238343485676 459.5238415521221
1452 3.235475852603738e-07 0.9978241578961529 459.5921727187309
1454 1.1539863874286664e-05 0.9978356977600271 462.0426766330611
1455 2.6191947378220734e-07 0.9978359596795009 462.09859886962
1456 5.407866782209104e-06 0.997841367546283 463.25626128621445
1457 5.08431919694873e-07 0.9978418759782027 463.36539971748584
1458 4.159897524776234e-07 0.9978422919679552 463.4547330540851
1459 8.6279356069433e-07 0.9978431547615159 463.64012686548324
1461 3.851756967385402e-07 0.9978435399372126 463.72293985701657
1462 3.54361640999457e-07 0.9978438942988537 463.7991539414485
1463 1.4482606197369112e-06 0.9978453425594734 464.1108981832471
1464 5.9625197855126025e-06 0.9978513050792589 465.3987824642376
1465 3.54361640999457e-07 0.9978516594408999 465.4755484479124
1466 2.3110541804312413e-07 0.997851890546318 465.5256268650154
1468 1.540702786954161e-08 0.9978519059533458 465.5289658092861
1470 7.703513934770803e-08 0.9978519829884852 465.5456612491144
1471 1.694773065649577e-07 0.9978521524657917 465.5823954322791
1472 2.4189033755180325e-06 0.9978545713691672 466.1073249553099
1473 1.540702786954161e-08 0.9978545867761951 466.11067224918736
1480 4.4618752710192494e-05 0.9978992055289053 476.01039214413055
1481 5.392459754339562e-07 0.9978997447748807 476.132609046703
1484 1.540702786954161e-08 0.9978997601819086 476.13610188038655
1486 1.0322708672592877e-06 0.9979007924527759 476.37023853231375
1488 4.837806751036065e-06 0.9979056302595269 477.4706111701792
1492 1.540702786954161e-08 0.9979056456665548 477.4741236622627
1496 4.853213778905606e-06 0.9979104988803337 478.58313670570834
1500 1.540702786954161e-08 0.9979105142873615 478.5866655854147
1502 4.652922416601565e-06 0.9979151672097781 479.6547736058869
1504 3.250882880473279e-06 0.9979184180926586 480.40386807415643
1508 1.3866325082587447e-07 0.9979185567559093 480.4358720032662
1512 1.026108056111471e-05 0.9979288178364705 482.8160543328971
1520 1.3866325082587447e-07 0.9979289564997212 482.8483804736126
1521 3.0814055739083213e-07 0.9979292646402786 482.9202318419693
1528 2.8302710196347933e-05 0.997957567350475 489.61222796383487
1529 3.081405573908322e-08 0.9979575981645308 489.6196148248468
1536 5.854670590425811e-07 0.9979581836315898 489.7600075459467
1543 1.3866325082587447e-07 0.9979583222948406 489.79327024679907
1544 1.0923582759505e-05 0.9979692458776002 492.42790595360395
1551 5.08431919694873e-07 0.9979697543095198 492.5512240656435
1552 1.2325622295633287e-07 0.9979698775657428 492.5811286676965
1556 1.540702786954161e-08 0.9979698929727707 492.5848669982764
1560 6.02106649141686e-05 0.9980301036376849 507.6409191520795
1564 1.5407027869541607e-07 0.9980302577079635 507.68062606104024
1568 6.316881426512059e-07 0.9980308893961062 507.8434893512578
1571 7.703513934770803e-08 0.9980309664312456 507.86335787691706
1572 2.002913623040409e-07 0.9980311667226078 507.9150233200838
1576 5.716007339599936e-06 0.9980368827299474 509.39391917896126
1577 7.703513934770803e-08 0.9980369597650868 509.41390920813365
1584 1.5407027869541607e-07 0.9980371138353654 509.45389397360407
1585 3.0814055739083213e-07 0.9980374219759228 509.5338823383643
1588 2.4651244591266575e-07 0.9980376684883687 509.5978911171359
1592 4.267746719863025e-06 0.9980419362350886 510.70859791191015
1598 4.468038082167066e-07 0.9980423830388968 510.82516134129816
1600 5.238389475644146e-06 0.9980476214283724 512.1957465279764
1605 1.540702786954161e-08 0.9980476368354003 512.1997885086323
1608 3.220068824734196e-06 0.998050856904225 513.0459647460602
1609 1.0014568115202044e-06 0.9980518583610365 513.309699869688
1616 3.143033685386488e-06 0.9980550013947219 514.139186159996
1617 1.540702786954161e-08 0.9980550168017498 514.1432588721822
1624 9.875904864376171e-06 0.9980648927066141 516.76721152257
1630 1.540702786954161e-08 0.998064908113642 516.7713259767152
1632 4.11367644116761e-06 0.9980690217900832 517.8722343236951
1637 6.008740869121227e-07 0.9980696226641701 518.0334338986024
1640 3.3587320755600706e-06 0.9980729813962457 518.9363496811828
1641 3.54361640999457e-07 0.9980733357578867 519.0317950278311
1644 4.622108360862482e-08 0.9980733819789703 519.0442470093559
1645 3.235475852603738e-07 0.9980737055265556 519.1314276118485
1648 7.703513934770804e-07 0.9980744758779491 519.3391183979915
1656 1.1416607651330331e-05 0.9980858924856004 522.4366930682487
1664 1.8118664774580932e-05 0.9981040111503751 527.4292621487816
1669 3.081405573908322e-08 0.9981040419644308 527.4378341922467
1672 6.8407203740764735e-06 0.9981108826848049 529.3477498493529
1676 6.162811147816644e-08 0.9981109443129164 529.3650191667026
1680 3.54361640999457e-07 0.9981112986745574 529.4643396121162
1688 4.31396780347165e-06 0.9981156126423608 530.6764535147539
1689 2.002913623040409e-07 0.9981158129337231 530.7328650631098
1692 2.2956471525616998e-06 0.9981181085808757 531.3802857262199
1696 7.85758421346622e-07 0.998118894339297 531.6022490870029
1704 4.159897524776234e-06 0.9981230542368218 532.7804455610449
1705 1.540702786954161e-08 0.9981230696438497 532.7848189588907
1712 1.0938989787374541e-06 0.9981241635428284 533.0955138316314
1720 4.545073221514774e-06 0.99812870861605 534.3903192078719
1721 1.540702786954161e-08 0.9981287240230778 534.3947190754736
1728 5.716007339599936e-06 0.9981344400304174 536.0320848992816
1729 1.540702786954161e-08 0.9981344554374453 536.0365118432635
1730 3.081405573908322e-08 0.998134486251501 536.0453659505968
1736 6.575719494720358e-05 0.9982002434464482 555.6307035118223
1744 2.0183206509099505e-06 0.9982022617670991 556.2545100831418
1745 3.851756967385402e-07 0.9982026469427959 556.3737163334946
1752 3.2662899083428207e-06 0.9982059132327042 557.3866427359642
1753 9.090146443029549e-07 0.9982068222473486 557.6691984502844
1756 9.244216721724964e-08 0.9982069146895158 557.6979489782233
1760 1.3866325082587447e-07 0.9982070533527666 557.7410803288815
1768 4.4064099706889e-06 0.9982114597627373 559.1151818482193
1776 1.063084922998371e-06 0.9982125228476603 559.4477102496338
1783 1.540702786954161e-08 0.9982125382546881 559.4525324095987
1784 3.851756967385402e-06 0.9982163900116555 560.6606862121155
1788 4.622108360862482e-08 0.9982164362327391 560.6752157427885
1789 1.540702786954161e-08 0.998216451639767 560.680059087029
1792 9.090146443029549e-07 0.9982173606544114 560.9659645820232
1793 1.5407027869541609e-06 0.9982189013571983 561.4512166642052
1798 7.85758421346622e-07 0.9982196871156196 561.6990186239224
1800 4.02123427395036e-06 0.9982237083498935 562.9706134913364
1801 1.540702786954161e-08 0.9982237237569214 562.9754965741165
1804 5.700600311730395e-07 0.9982242938169525 563.1562302068505
1808 3.2662899083428207e-06 0.9982275601068609 564.1940264777725
1809 1.540702786954161e-08 0.9982275755138887 564.1989308069336
1810 8.782005885638717e-07 0.9982284537144773 564.4786185786627
1816 6.501765760946558e-06 0.9982349554802382 566.5579472947028
1824 5.700600311730395e-07 0.9982355255402694 566.7409887886269
1828 3.851756967385402e-07 0.9982359107159662 566.8647324433429
1829 1.540702786954161e-08 0.998235926122994 566.8696833135124
1832 6.239846287164351e-06 0.9982421659692812 568.8819208893518
1840 2.9273352952129057e-06 0.9982450933045763 569.830864858934
1843 2.156983901735825e-07 0.9982453090029665 569.9009122920233
1848 6.13199709207756e-06 0.9982514410000586 571.8994898276253
1853 3.081405573908322e-08 0.9982514718141143 571.9095683284502
1854 5.08431919694873e-07 0.998251980246034 572.0759148923531
1856 4.49885213790615e-06 0.998256479098172 573.5520571915802
1864 7.5340366282058465e-06 0.9982640131348002 576.0412247617401
1865 1.3558184525196615e-06 0.9982653689532527 576.491468819923
1872 1.694773065649577e-07 0.9982655384305592 576.5477988205929
1880 2.0537568150098962e-05 0.9982860759987093 583.4564422033601
1881 1.3866325082587447e-07 0.9982862146619601 583.5036499633771
1886 1.617737926301869e-06 0.9982878323998864 584.0549721497149
1892 5.392459754339562e-07 0.9982883716458618 584.2389778028108
1896 7.2413030986845555e-06 0.9982956129489605 586.7211907002668
1898 5.392459754339562e-07 0.998296152194936 586.906880431382
1904 1.0938989787374541e-06 0.9982972460939147 587.2839266004264
1910 1.0784919508679125e-07 0.9982973539431098 587.321126403956
1912 8.33520207742201e-06 0.9983056891451872 590.2104664911182
1915 5.08431919694873e-07 0.9983061975771069 590.3876310980614
1916 1.540702786954161e-08 0.9983062129841348 590.3930013828757
1917 8.936076164334132e-07 0.9983071065917513 590.7046451521579
1920 1.4790746754759943e-06 0.9983085856664268 591.2211929098606
1921 3.081405573908322e-08 0.9983086164804825 591.2319639281362
1923 2.6191947378220734e-07 0.9983088783999563 591.3235334313982
1927 1.540702786954161e-08 0.9983088938069842 591.3289207560978
1928 4.606701332992941e-06 0.9983135005083171 592.9441455106237
1929 1.540702786954161e-08 0.998313515915345 592.949562405489
1936 9.552357279115797e-07 0.998314471151073 593.2856032909652
1939 2.081489465175071e-05 0.9983352860457247 600.7038010535315
1944 5.716007339599936e-06 0.9983410020530643 602.7735006225196
1950 1.494481703345536e-06 0.9983424965347677 603.3169890597172
1952 3.389546131299154e-06 0.998345886080899 604.5532828497742
1956 1.7564011771277433e-06 0.9983476424820762 605.1959029160365
1960 4.036641301819901e-06 0.998351679123378 606.6779922422252
1967 1.540702786954161e-08 0.9983516945304058 606.6836629779659
1968 5.546530033034979e-07 0.9983522491834091 606.8878800915842
1969 4.9764700018619395e-06 0.998357225653411 608.7263305982161
1976 7.888398269205304e-06 0.9983651140516802 611.6634625355312
1977 6.162811147816644e-08 0.9983651756797917 611.6865204651236
1983 1.694773065649577e-07 0.9983653451570982 611.7499387361883
1984 7.28752418229318e-06 0.9983726326812805 614.4894201186628
1985 4.930248918253315e-07 0.9983731257061723 614.6756413780535
1987 3.851756967385402e-07 0.9983735108818691 614.821205289809
1992 2.665415821430698e-06 0.9983761762976905 615.830399924408
1994 4.005827246080818e-07 0.9983765768804151 615.9823572401274
1996 2.156983901735825e-07 0.9983767925788053 616.0642114758105
2000 3.06599854603878e-06 0.9983798585773513 617.2300677092552
2001 4.468038082167066e-07 0.9983803053811595 617.400334833418
2004 6.162811147816644e-08 0.998380367009271 617.4238273264056
2008 3.7439077722986105e-06 0.9983841109170433 618.8543573610957
2012 1.571516842693244e-06 0.9983856824338859 619.456803909507
2013 7.703513934770804e-07 0.9983864527852794 619.7525494617427
2016 3.081405573908322e-08 0.9983864835993351 619.7643851577438
2019 3.0814055739083213e-07 0.9983867917398925 619.8827669859453
2020 1.540702786954161e-08 0.9983868071469204 619.8886872645112
2024 1.140120062346079e-05 0.9983982083475439 624.3009185786736
2032 1.2787833131719535e-06 0.998399487130857 624.7997246879164
2038 4.776178639557898e-07 0.998399964748721 624.9862302724953
2040 2.061460328944667e-05 0.9984205793520103 633.1435525253097
2045 1.694773065649577e-07 0.9984207488293169 633.211498312475
2047 8.782005885638717e-07 0.9984216270299054 633.56381473011
2048 4.6436781998798406e-05 0.9984680638119042 652.7687039255989
2049 9.244216721724964e-08 0.9984681562540715 652.8080965554719
2050 1.540702786954161e-08 0.9984681716610994 652.8146624560273
2051 3.389546131299154e-07 0.9984685106157125 652.9591456915266
2052 3.081405573908322e-08 0.9984685414297683 652.9722837025115
2056 7.2413030986845555e-06 0.998475782732867 656.0744465786983
2057 4.622108360862482e-08 0.9984758289539506 656.0943422931192
2059 6.470951705207476e-07 0.9984764760491212 656.3730090512516
2064 1.7872152328668264e-06 0.9984782632643541 657.1438913022836
2070 3.389546131299154e-07 0.9984786022189672 657.290297427125
2072 5.145947308426897e-06 0.9984837481662756 659.5210490487491
2076 2.002913623040409e-07 0.9984839484576379 659.6081808946467
2080 2.079948762388117e-06 0.9984860284064002 660.5143743960818
2083 1.879657400084076e-06 0.9984879080638003 661.3354492936842
2084 3.6976866886899857e-07 0.9984882778324692 661.4972125687344
2088 5.669786255991312e-06 0.9984939476187252 663.987529539689
2089 1.2941903410414951e-06 0.9984952418090662 664.5586021894051
2096 1.617737926301869e-06 0.9984968595469925 665.2738258751556
2100 3.081405573908322e-08 0.9984968903610483 665.287464124974
2104 8.53549343972605e-06 0.998505425854488 669.0869121500932
2108 7.549443656075388e-07 0.9985061807988536 669.4250544058774
2111 1.0938989787374541e-06 0.9985072746978323 669.915622484471
2112 5.08431919694873e-07 0.998507783129752 670.1438778357891
2116 8.782005885638717e-07 0.9985086613303406 670.5385036574914
2119 1.0322708672592877e-06 0.9985096936012078 671.0029567144213
2120 3.235475852603738e-06 0.9985129290770604 672.462882955976
2121 1.972099567301326e-06 0.9985149011766277 673.3558630995478
2122 1.771808204997285e-06 0.9985166729848327 674.1601749141064
2125 7.703513934770803e-08 0.9985167500199721 674.1951885825624
2128 3.6976866886899857e-07 0.998517119788641 674.3633048306285
2133 1.540702786954161e-08 0.9985171351956689 674.3703114938156
2136 1.1031431954591792e-05 0.9985281666276234 679.424735685475
2144 2.20320498534445e-06 0.9985303698326088 680.443299401735
2145 2.7732650165174894e-07 0.9985306471591104 680.5717266620528
2146 1.9875065951708672e-06 0.9985326346657056 681.4935426295071
2149 1.1093060066069958e-06 0.9985337439717122 682.0091312209391
2150 6.008740869121227e-07 0.9985343448457992 682.2887342454477
2152 4.206118608384859e-06 0.9985385509644076 684.2523931015044
2153 9.951399300936924e-05 0.9986380649574169 734.2494089170154
2156 3.851756967385402e-07 0.9986384501331137 734.457124428999
2157 1.3250043967805782e-06 0.9986397751375105 735.1725641668942
2160 9.635555229611322e-05 0.9987361306898066 791.221047884277
2162 2.2648330968226165e-06 0.9987383955229034 792.6414483732572
2165 3.389546131299154e-07 0.9987387344775166 792.8544641662957
2168 8.612528579073758e-06 0.9987473470060957 798.3056799179195
2172 1.3712254803892032e-06 0.9987487182315761 799.1805085273204
2174 8.319795049552468e-07 0.998749550211081 799.7122386373554
2176 4.714550528079732e-06 0.9987542647616091 802.7387916646691
2177 3.389546131299154e-07 0.9987546037162223 802.9572699274818
2184 6.409323593729309e-06 0.998761013039816 807.1109964317166
2186 7.395373377379971e-07 0.9987617525771537 807.5930396054135
2187 3.389546131299154e-07 0.9987620915317669 807.8141685445481
2188 5.854670590425811e-07 0.9987626769988259 808.1964038905915
2189 1.4790746754759943e-06 0.9987641560735014 809.1636642445935
2192 9.244216721724964e-08 0.9987642485156687 809.2241948963748
2194 4.468038082167066e-07 0.9987646953194769 809.5168874261183
2195 1.4482606197369112e-06 0.9987661435800966 810.4670720749806
2198 1.5407027869541607e-07 0.9987662976503753 810.5682868353043
2200 4.683736472340649e-06 0.9987709813868476 813.6573273166597
2201 1.540702786954161e-08 0.9987709967938755 813.6675274862449
2203 7.08723281998914e-07 0.9987717055171574 814.1370119043153
2204 5.238389475644147e-07 0.998772229356105 814.4843704908723
2208 1.771808204997285e-06 0.99877400116431 815.6614597739157
2213 4.31396780347165e-07 0.9987744325610903 815.9485706389636
2216 8.427644244639259e-06 0.998782860205335 821.5983113716637
2217 1.540702786954161e-08 0.9987828756123629 821.6087116135901
2219 1.0322708672592877e-06 0.9987839078832301 822.3061281378526
2224 8.782005885638717e-07 0.9987847860838187 822.9003854254877
2225 2.7270439329088647e-06 0.9987875131277516 824.7511976320467
2228 2.3110541804312413e-07 0.9987877442331696 824.9084288661728
2231 9.39828700042038e-07 0.9987886840618697 825.5484539760447
2232 1.5407027869541609e-06 0.9987902247646566 826.5998267985393
2233 7.703513934770803e-08 0.998790301799796 826.652465740101
2236 4.930248918253315e-07 0.9987907948246878 826.9895137868673
2240 1.617737926301869e-06 0.9987924125626141 828.097385779962
2248 2.711636905039323e-06 0.9987951241995191 829.9610628754212
2250 3.143033685386488e-06 0.9987982672332045 832.1317581000891
2252 6.933162541293723e-07 0.9987989605494586 832.6121174031598
2253 3.851756967385402e-07 0.9987993457251554 832.8792233962746
2254 2.8965212394738224e-06 0.9988022422463949 834.8933638627137
2256 2.4959385148657404e-06 0.9988047381849098 836.6367831507428
2257 1.2017481738242454e-06 0.9988059399330836 837.478806725766
2262 7.08723281998914e-07 0.9988066486563656 837.9761797179134
2263 3.0043704345606135e-06 0.9988096530268001 840.0911856076917
2264 1.972099567301326e-06 0.9988116251263675 841.4853108962703
2265 4.729957555949274e-06 0.9988163550839234 844.8479661575258
2266 9.828143077980591e-05 0.9989146365147032 921.3503250725138
2269 6.162811147816644e-08 0.9989146981428147 921.4026433102381
2271 8.319795049552468e-07 0.9989155301223197 922.109521510199
2272 1.140120062346079e-06 0.9989166702423821 923.0799698503961
2274 8.011654492161636e-07 0.9989174714078313 923.7631294307038
2280 4.31396780347165e-06 0.9989217853756347 927.4591323491417
2281 2.7732650165174894e-07 0.9989220627021363 927.6977445551664
2282 7.703513934770804e-07 0.9989228330535298 928.3612009047724
2286 1.2325622295633287e-07 0.9989229563097528 928.4674419943817
2288 8.936076164334132e-07 0.9989238499173693 929.2384177078919
2289 5.854670590425811e-07 0.9989244353844283 929.7442343512627
2293 4.930248918253315e-07 0.9989249284093201 930.1706125148359
2296 2.757857988647948e-06 0.9989276862673088 932.5628960194854
2297 1.540702786954161e-08 0.9989277016743366 932.5762952967117
2301 4.914841890383773e-06 0.998932616516227 936.8704080610175
2304 2.2648330968226165e-06 0.9989348813493238 938.8625383333423
2305 9.552357279115797e-07 0.9989358365850518 939.7052989729801
2312 6.532579816685641e-06 0.9989423691648684 945.5094980051496
2313 1.540702786954161e-08 0.9989423845718963 945.5232719070855
2318 2.7732650165174894e-07 0.998942661898398 945.7712707835387
2320 2.049134706649034e-06 0.9989447110331047 947.6077466648876
2321 2.6346017656916148e-06 0.9989473456348703 949.9794359156025
2323 1.540702786954161e-08 0.9989473610418982 949.9933403597976
2328 2.0953557902576588e-06 0.9989494563976884 951.8881441946924
2331 5.392459754339562e-07 0.9989499956436638 952.3770010720161
2336 2.0183206509099505e-06 0.9989520139643148 954.2111878868145
2337 3.54361640999457e-07 0.9989523683259558 954.5339500281347
2339 7.703513934770803e-08 0.9989524453610952 954.6041446062036
2344 1.0784919508679125e-06 0.998953523853046 955.5879538303401
2350 8.936076164334132e-07 0.9989544174606625 956.4046475313273
2352 6.224439259294809e-06 0.9989606418999218 962.1323006236267
2356 1.540702786954161e-08 0.9989606573069497 962.1465630986265
2358 5.392459754339562e-07 0.9989611965529251 962.6460162563765
2360 3.343325047690529e-06 0.9989645398779728 965.7542369108984
2361 1.540702786954161e-08 0.9989645552850007 965.7686069706742
2368 1.2325622295633287e-07 0.9989646785412237 965.8835828458324
2376 6.224439259294809e-06 0.9989709029804831 971.72567895437
2377 9.706427557811213e-07 0.9989718736232388 972.6430744342932
2384 5.330831642861396e-06 0.9989772044548817 977.7125103574166
2388 1.571516842693244e-06 0.9989787759717244 979.2170692345694
2392 1.063084922998371e-06 0.9989798390566473 980.2374875415159
2393 1.2325622295633287e-07 0.9989799623128703 980.3559345086109
2400 4.622108360862482e-08 0.998980008533954 980.4003595015071
2401 4.005827246080818e-07 0.9989804091166786 980.7855448279836
2404 3.081405573908322e-08 0.9989804399307344 980.8151870053987
2407 3.5590234378641116e-06 0.9989839989541722 984.2509553572969
2408 2.8811142116042807e-06 0.9989868800683839 987.0499718674022
2415 1.540702786954161e-08 0.9989868954754118 987.0649826644742
2416 4.159897524776234e-07 0.9989873114651642 987.470446835973
2424 3.697686688689986e-06 0.9989910091518529 991.0892669010763
2432 3.54361640999457e-07 0.9989913635134939 991.4374637229496
2433 1.1555270902156205e-06 0.9989925190405842 992.5745897766968
2440 5.022691085470564e-06 0.9989975417316697 997.5477599337514
2448 7.703513934770803e-08 0.998997618766809 997.6244236103835
2456 6.594207928163808e-06 0.9990042129747372 1004.2307989864304
2468 1.3866325082587447e-07 0.999004351637988 1004.3706575071935
2472 5.870077618295353e-06 0.9990102217156063 1010.3272781060596
2480 6.779092262598308e-07 0.9990108996248326 1011.019735818761
2485 1.540702786954161e-08 0.9990109150318605 1011.0354845256511
2488 5.577344088774062e-06 0.9990164923759492 1016.7689355384182
2496 2.6191947378220734e-07 0.999016754295423 1017.0397850151143
2497 7.395373377379971e-07 0.9990174938327607 1017.805315980747
2504 7.164267959336848e-06 0.99902465810072 1025.2814943541923
2505 1.540702786954161e-08 0.9990246735077479 1025.2976905107507
2512 1.5407027869541607e-07 0.9990248275780266 1025.4596802238648
2520 1.207910984972062e-05 0.9990369066878763 1038.3209886432235
2521 3.6976866886899857e-07 0.9990372764565452 1038.7197932351319
2529 3.081405573908322e-08 0.9990373072706009 1038.7530407799002
2536 3.1584407132560296e-06 0.9990404657113142 1042.1722410458535
2544 3.389546131299154e-07 0.9990408046659274 1042.5405175337141
2552 4.683736472340649e-06 0.9990454884023997 1047.6562071263115
2560 1.694773065649577e-06 0.9990471831754654 1049.519670780808
2568 5.685193283860854e-06 0.9990528683687492 1055.819452127642
2576 1.2479692574328702e-06 0.9990541163380066 1057.2124672208731
2584 1.1971260654633829e-05 0.9990660875986612 1070.7642371666611
2588 1.8488433443449929e-07 0.9990662724829956 1070.9762556942082
2592 1.8180292886059097e-06 0.9990680905122842 1073.0655854261922
2593 1.540702786954161e-08 0.999068105919312 1073.083326446046
2599 3.081405573908322e-08 0.9990681367333678 1073.118810245688
2600 3.0814055739083218e-06 0.9990712181389417 1076.6790803392553
2608 1.540702786954161e-08 0.9990712335459696 1076.6969410452832
2612 1.540702786954161e-08 0.9990712489529975 1076.7148023438926
2616 3.5282093821250283e-06 0.9990747771623796 1080.8207053901722
2621 1.540702786954161e-08 0.9990747925694075 1080.83870376998
2624 6.316881426512059e-07 0.9990754242575501 1081.577153809254
2625 1.540702786954161e-08 0.999075439664578 1081.5951773916206
2632 7.919212324944386e-06 0.9990833588769029 1090.9394907150454
2633 4.468038082167066e-07 0.9990838056807111 1091.471513135046
2640 6.270660342903435e-06 0.999090076341054 1098.993294842219
2641 9.86049783650663e-05 0.9991886813194191 1232.5612905695305
2646 1.3866325082587447e-07 0.9991888199826698 1232.7719848071508
2648 3.820942911646319e-06 0.9991926409255815 1238.6062554882496
2656 2.7732650165174894e-07 0.9991929182520831 1239.0318608753687
2664 3.1584407132560296e-06 0.9991960766927964 1243.8997489430503
2672 1.2325622295633285e-06 0.999197309255026 1245.809804412823
2680 1.5838424649888773e-05 0.999213147679676 1270.8865109378717
2685 1.540702786954161e-08 0.9992131630867038 1270.9113961250941
2688 9.244216721724964e-08 0.9992132555288711 1271.060727716427
2696 1.630063548597502e-05 0.999229556164357 1297.95314562479
2697 1.5407027869541607e-07 0.9992297102346357 1298.2127570227444
2704 9.244216721724964e-08 0.999229802676803 1298.3685737169887
2706 1.540702786954161e-08 0.9992298180838308 1298.3945468025524
2712 6.440137649468392e-06 0.9992362582214803 1309.3430634870465
2713 1.540702786954161e-08 0.9992362736285082 1309.3694775089148
2720 9.159478068442485e-05 0.9993278684091926 1487.803896851203
2721 1.540702786954161e-08 0.9993278838162205 1487.8380020203176
2728 3.3741391034296122e-06 0.999331257955324 1495.3448911447329
2736 9.244216721724964e-08 0.9993313503974912 1495.5516256167366
2744 3.5282093821250283e-06 0.9993348786068733 1503.4849432508413
2752 3.389546131299154e-07 0.9993352175614865 1504.2515296222614
2760 3.0505915181692385e-06 0.9993382681530046 1511.1861466855012
2768 2.7732650165174894e-07 0.9993385454795063 1511.819738193943
2769 3.54361640999457e-07 0.9993388998411473 1512.6301009146218
2776 3.035184490299697e-06 0.9993419350256376 1519.6067849818753
2792 1.8180292886059097e-06 0.9993437530549262 1523.8166173672714
2800 6.162811147816644e-08 0.9993438146830377 1523.9597323349146
2808 2.311054180431241e-06 0.9993461257372181 1529.3460179111316
2809 3.235475852603738e-07 0.9993464492848034 1530.1031377484233
2816 2.5883806820829903e-06 0.9993490376654856 1536.1871908393862
2817 6.162811147816644e-08 0.999349099293597 1536.3326390076784
2820 3.851756967385402e-07 0.9993494844692938 1537.2423144370666
2824 2.711636905039323e-06 0.9993521961061989 1543.6770441935093
2825 3.081405573908322e-08 0.9993522269202546 1543.7504756959743
2832 4.468038082167066e-07 0.9993526737240628 1544.8160180925233
2840 3.297103964081904e-06 0.9993559708280269 1552.7246955852074
2848 3.081405573908322e-08 0.9993560016420826 1552.7989904102612
2849 4.622108360862482e-08 0.9993560478631662 1552.910445979529
2856 2.511345542735282e-06 0.999358559208709 1558.9903442020006
2864 5.08431919694873e-07 0.9993590676406287 1560.2270432730816
2872 1.617737926301869e-06 0.9993606853785549 1564.1750813389297
2880 2.4651244591266575e-07 0.9993609318910008 1564.7784421070353
2888 1.802622260736368e-06 0.9993627345132615 1569.2047048052002
2889 1.72558712138866e-06 0.9993644601003829 1573.4653333371102
2893 1.540702786954161e-08 0.9993644755074108 1573.5034788760074
2904 2.665415821430698e-06 0.9993671409232322 1580.1306115530463
2905 1.540702786954161e-08 0.9993671563302601 1580.1690809532213
2908 4.622108360862482e-08 0.9993672025513437 1580.2845003933453
2912 4.930248918253315e-07 0.9993676955762355 1581.5166910368694
2916 1.8488433443449929e-07 0.9993678804605699 1581.9792580713022
2920 1.3095973689110366e-06 0.9993691900579388 1585.263537116153
2925 1.540702786954161e-08 0.9993692054649667 1585.3022568547528
2928 6.162811147816643e-07 0.9993698217460815 1586.8525988985878
2936 2.0645417345185755e-06 0.999371886287816 1592.0684115030376
2944 4.622108360862482e-08 0.9993719325088997 1592.185575865516
2952 2.834893127995656e-06 0.9993747674020277 1599.404770709478
2960 1.4482606197369112e-06 0.9993762156626474 1603.118161389197
2968 1.8334363164754514e-06 0.9993780490989639 1607.8439605668
2976 2.4651244591266575e-07 0.9993782956114098 1608.4814879103733
2984 5.3616456986004795e-06 0.9993836572571084 1622.4738776163688
2992 3.851756967385402e-07 0.9993840424328052 1623.488456443881
3000 5.392459754339562e-07 0.9993845816787806 1624.9110004048034
3008 5.546530033034979e-07 0.9993851363317839 1626.3767916249794
3009 9.244216721724964e-08 0.9993852287739512 1626.6213473052383
3016 1.9412855115622427e-06 0.9993871700594628 1631.774059738897
3017 1.5407027869541607e-07 0.9993873241297414 1632.1844037662627
3024 3.851756967385402e-07 0.9993877093054382 1633.2111673126979
3032 2.20320498534445e-06 0.9993899125104235 1639.1091721848106
3040 7.08723281998914e-07 0.9993906212337055 1641.015498588419
3041 1.540702786954161e-08 0.9993906366407334 1641.0569897137825
3048 3.820942911646319e-06 0.999394457583645 1651.41197873365
3056 1.540702786954161e-08 0.9993944729906729 1651.453997256356
3057 9.244216721724964e-08 0.9993945654328401 1651.706153302456
3064 2.0676231400924836e-05 0.999415241664241 1710.1081572476207
3068 1.2325622295633287e-07 0.999415364920464 1710.4686923570794
3072 2.9750970816084845e-05 0.99944511589128 1802.1781202328334
3075 3.235475852603738e-07 0.9994454394388653 1803.229566044002
3076 3.081405573908322e-08 0.9994454702529211 1803.32976773142
3080 1.4020395361282862e-06 0.9994468722924572 1807.900754858935
3084 4.622108360862482e-08 0.9994469185135408 1808.051841333579
3088 2.4189033755180325e-06 0.9994493374169163 1815.9940964212055
3092 1.540702786954161e-08 0.9994493528239442 1816.0449076718255
3096 0.00010362766945053685 0.9995529804933947 2237.0388433248963
3097 1.8488433443449929e-07 0.9995531653777291 2237.964450735235
3104 2.357275264039866e-06 0.9995555226529931 2249.8334431077924
3112 7.692729015262125e-05 0.9996324499431457 2720.717848770261
3113 1.540702786954161e-08 0.9996324653501736 2720.8319010800437
3119 1.2325622295633287e-07 0.9996325886063966 2721.7446639104824
3128 1.07386984250705e-05 0.9996433273048216 2803.690928737702
3136 7.703513934770804e-07 0.9996440976562151 2809.759523821387
3137 4.776178639557898e-07 0.999644575274079 2813.5352637855503
3144 3.3587320755600706e-06 0.9996479340061546 2840.376569965179
3145 1.540702786954161e-08 0.9996479494131825 2840.500875285578
3152 8.782005885638717e-07 0.999648827613771 2847.6043083525524
3156 1.540702786954161e-08 0.9996488430207989 2847.7292471165706
3157 2.002913623040409e-07 0.9996490433121612 2849.3544492855426
3160 6.008740869121227e-07 0.9996496441862481 2854.2412049375275
3168 4.622108360862482e-08 0.9996496904073318 2854.617803592508
3176 1.4636676476064528e-06 0.9996511540749794 2866.595044620177
3184 4.159897524776234e-07 0.9996515700647318 2870.017466295827
3192 4.052048329689443e-06 0.9996556221130615 2903.7869094611683
3200 7.549443656075388e-07 0.999656377057427 2910.1665695319443
3207 2.9273352952129054e-07 0.9996566697909566 2912.6478639504758
3208 1.648551982040952e-06 0.9996583183429386 2926.7008612649524
3217 2.9273352952129054e-07 0.9996586110764681 2929.2104431931725
3224 1.0476778951288294e-06 0.9996596587543632 2938.2274785093095
3232 6.008740869121227e-07 0.9996602596284502 2943.424107762676
3240 8.167265473644006e-05 0.9997419322831866 3874.951940320468
3241 1.540702786954161e-08 0.9997419476902145 3875.1832945471024
3248 4.468038082167066e-07 0.9997423944940227 3881.9046052846465
3255 2.002913623040409e-07 0.999742594785385 3884.92518108289
3256 4.267746719863025e-06 0.9997468625321049 3950.422702396221
3264 7.703513934770803e-08 0.9997469395672443 3951.625266385264
3272 2.126169845996742e-06 0.9997490657370902 3985.107447680489
3280 5.546530033034979e-07 0.9997496203900935 3993.935450149104
3281 5.854670590425811e-07 0.9997502058571526 4003.296428814983
3288 2.4189033755180325e-06 0.9997526247605281 4042.441766341152
3296 5.392459754339562e-07 0.9997531640065035 4051.2730166889
3300 4.622108360862482e-08 0.9997532102275871 4052.031776774742
3304 1.802622260736368e-06 0.9997550128498478 4081.846739221832
3312 4.930248918253315e-07 0.9997555058747396 4090.0778247123744
3317 3.081405573908322e-08 0.9997555366887954 4090.593369910128
3320 2.3880893197789492e-06 0.9997579247781151 4130.947365093982
3328 1.0784919508679125e-07 0.9997580326273102 4132.788602379395
3336 2.7424509607784063e-06 0.999760775078271 4180.166484212663
3344 3.081405573908322e-08 0.9997608058923267 4180.704991972522
3350 1.540702786954161e-08 0.9997608212993546 4180.974297885539
3352 3.0814055739083213e-07 0.999761129439912 4186.367711582755
3353 4.622108360862482e-08 0.9997611756609956 4187.177924029685
3360 8.936076164334132e-07 0.9997620692686121 4202.903904707153
3368 2.665415821430698e-06 0.9997647346844335 4250.520301269536
3369 4.468038082167066e-07 0.9997651814882417 4258.608030993684
3376 3.081405573908322e-08 0.9997652123022974 4259.16694011275
3384 1.2633762853024118e-06 0.9997664756785827 4282.209210290089
3386 1.540702786954161e-08 0.9997664910856106 4282.491752465599
3392 1.5407027869541607e-07 0.9997666451558892 4285.319226221786
3400 2.603787709952532e-06 0.9997692489435992 4333.674634464315
3401 4.6221083608624825e-07 0.9997697111544352 4342.372716957416
3404 6.933162541293723e-07 0.9997704044706893 4355.48550532466
3416 1.0938989787374541e-06 0.999771498369668 4376.336390017416
3424 1.3250043967805782e-06 0.9997728233740648 4401.861308941584
3432 1.3558184525196615e-06 0.9997741791925173 4428.289895636389
3434 1.2325622295633287e-07 0.9997743024487403 4430.708239494639
3437 1.540702786954161e-08 0.9997743178557682 4431.010718211276
3440 1.540702786954161e-08 0.9997743332627961 4431.313238230393
3448 1.0938989787374541e-06 0.9997754271617748 4452.898257434197
3456 7.241303098684556e-07 0.9997761512920846 4467.302980270473
3464 2.1415768738662833e-06 0.9997782928689585 4510.454829766829
3473 3.081405573908322e-08 0.9997783236830142 4511.081804305556
3480 5.392459754339562e-07 0.9997788629289897 4522.082143130184
3488 6.316881426512059e-07 0.9997794946171323 4535.036682529191
3496 1.0938989787374541e-06 0.9997805885161111 4557.64658383246
3504 2.3110541804312413e-07 0.9997808196215291 4562.452200221638
3512 9.552357279115797e-07 0.999781774857257 4582.423397371472
3520 4.468038082167066e-07 0.9997822216610652 4591.82490274903
3523 1.540702786954161e-08 0.9997822370680931 4592.149780696152
3528 6.316881426512059e-07 0.9997828687562358 4605.509472814153
3529 4.31396780347165e-07 0.9997833001530161 4614.677923949943
3532 4.622108360862482e-08 0.9997833463740997 4615.66242357855
3536 7.703513934770803e-08 0.9997834234092391 4617.304190109623
3544 1.648551982040952e-06 0.9997850719612211 4652.720071711286
3560 2.4189033755180325e-06 0.9997874908645966 4705.680055127093
3561 5.546530033034979e-07 0.9997880455175999 4717.994112115222
3565 3.0814055739083213e-07 0.9997883536581573 4724.863143362709
3568 9.244216721724964e-08 0.9997884461003246 4726.927754743651
3576 2.1877979574749082e-06 0.999790633898282 4776.322393140476
3577 5.392459754339562e-07 0.9997911731442575 4788.656116304056
3584 5.238389475644147e-07 0.999791696983205 4800.698594702845
3585 4.468038082167066e-07 0.9997921437870132 4811.018086158916
3592 1.8642503722145344e-06 0.9997940080373854 4854.558339593429
3600 1.793378044014643e-05 0.9998119418178255 5317.5032771089745
3601 4.622108360862482e-08 0.9998119880389091 5318.8105384248665
3608 9.706427557811213e-07 0.9998129586816649 5346.41227350756
3616 2.7732650165174894e-07 0.9998132360081665 5354.35117970487
3617 4.6221083608624825e-07 0.9998136982190026 5367.63521339486
3624 2.0645417345185755e-06 0.9998157627607371 5427.784328515881
3632 4.622108360862482e-08 0.9998158089818208 5429.146382300254
3634 7.703513934770804e-07 0.9998165793332142 5451.94834106617
3637 1.540702786954161e-08 0.9998165947402421 5452.4063340385555
3639 5.392459754339562e-07 0.9998171339862175 5468.484708096228
3640 1.4020395361282862e-06 0.9998185360257537 5510.735693700108
3648 2.9273352952129054e-07 0.9998188287592832 5519.639850361666
3651 1.2633762853024118e-06 0.9998200921355684 5558.400702268417
3655 2.6191947378220734e-07 0.9998203540550422 5566.5047170143
3656 1.016863839389746e-06 0.9998213709188816 5598.192599652911
3657 7.395373377379971e-07 0.9998221104562193 5621.4658756594645
3662 4.31396780347165e-07 0.9998225418529996 5635.1315332824415
3669 2.1723909296053666e-06 0.9998247142439292 5704.97011517495
3672 1.2633762853024118e-06 0.9998259776202144 5746.387339559979
3673 9.090146443029549e-07 0.9998268866348587 5776.561498784585
3680 3.54361640999457e-07 0.9998272409964998 5788.410327330422
3688 1.0322708672592877e-06 0.999828273267367 5823.205185747971
3696 1.7872152328668264e-06 0.9998300604825999 5884.446509553041
3704 1.9412855115622427e-06 0.9998320017681115 5952.4435987137795
3712 3.235475852603738e-07 0.9998323253156968 5963.929523144635
3713 3.081405573908322e-08 0.9998323561297525 5965.025732964609
3720 8.165724770857052e-07 0.9998331727022296 5994.222848207215
3727 1.694773065649577e-07 0.9998333421795361 6000.318480204434
3728 2.002913623040409e-07 0.9998335424708984 6007.538411732679
3736 8.936076164334132e-07 0.9998344360785149 6039.96324217121
3744 3.851756967385402e-07 0.9998348212542116 6054.047663500588
3745 6.162811147816644e-08 0.9998348828823231 6056.307268862524
3749 1.540702786954161e-08 0.999834898289351 6056.872433781461
3752 1.3250043967805782e-06 0.9998362232937478 6105.874412078658
3768 8.996163573025345e-05 0.999926184929478 13547.369025442817
3776 1.540702786954161e-08 0.9999262003365059 13550.197286200868
3784 5.08431919694873e-07 0.9999267087684256 13644.19697306968
3792 1.540702786954161e-08 0.9999267241754535 13647.065811795235
3793 1.540702786954161e-08 0.9999267395824813 13649.935857182714
3798 3.081405573908322e-08 0.9999267703965371 13655.67957098993
3800 1.7409941492582017e-06 0.9999285113906864 13988.24245710495
3803 3.081405573908322e-08 0.9999285422047421 13994.274471966068
3808 1.016863839389746e-06 0.9999295590685815 14196.291557515216
3809 1.2325622295633287e-07 0.9999296823248045 14221.175504164528
3816 1.0938989787374541e-06 0.9999307762237832 14445.903628092152
3823 2.002913623040409e-07 0.9999309765151455 14487.822544864324
3824 2.434310403387574e-06 0.9999334108255489 15017.456039103821
3832 3.3125109919514456e-06 0.9999367233365408 15803.614560763674
3834 1.8488433443449929e-07 0.9999369082208752 15849.925519174998
3840 3.6976866886899857e-07 0.9999372779895441 15943.366494980672
3848 1.848843344344993e-06 0.9999391268328884 16427.59934220733
3849 6.008740869121227e-07 0.9999397277069754 16591.371421547112
3856 3.235475852603738e-07 0.9999400512545606 16680.916217198297
3862 6.162811147816644e-08 0.9999401128826721 16698.082068728203
3864 1.0938989787374541e-06 0.9999412067816509 17008.764413302473
3872 1.5407027869541607e-07 0.9999413608519295 17053.453757517298
3873 7.703513934770803e-08 0.9999414378870689 17075.886609088808
3875 1.540702786954161e-08 0.9999414532940968 17080.380263461506
3880 2.3418682361703243e-06 0.999943795162333 17792.062774468588
3888 3.081405573908322e-08 0.9999438259763888 17801.822545605155
3896 1.0476778951288294e-06 0.9999448736542839 18140.1467303725
3897 1.540702786954161e-08 0.9999448890613117 18145.218060184638
3904 2.7732650165174894e-07 0.9999451663878134 18236.98932320518
3912 1.7409941492582017e-06 0.9999469073819627 18835.010157100765
3920 3.54361640999457e-07 0.9999472617436037 18961.56733900579
3926 1.5407027869541607e-07 0.9999474158138824 19017.12423128047
3928 2.711636905039323e-06 0.9999501274507874 20051.11059666529
3936 1.8488433443449929e-07 0.9999503123351218 20125.719380267492
3944 1.802622260736368e-06 0.9999521149573825 20883.347812529315
3954 1.0784919508679125e-07 0.9999522228065776 20930.488552532388
3960 1.1709341180851621e-06 0.9999533937406957 21456.34545503277
3961 3.0814055739083213e-07 0.9999537018812531 21599.149750915694
3963 7.703513934770803e-08 0.9999537789163925 21635.148333849193
3965 1.5407027869541607e-07 0.9999539329866711 21707.506689459344
3968 9.86049783650663e-07 0.9999549190364547 22182.312030569457
3970 3.6976866886899857e-07 0.9999552888051236 22365.763267233782
3976 1.2325622295633285e-06 0.9999565213673532 22999.80333154882
3977 2.7732650165174894e-07 0.9999567986938549 23147.44828874524
3983 2.4651244591266575e-07 0.9999570452063008 23280.28873803185
3984 7.395373377379971e-07 0.9999577847436385 23688.118613724677
3986 4.005827246080818e-07 0.9999581853263632 23915.049742703828
3987 9.244216721724964e-08 0.9999582777685304 23968.037297547882
3991 1.5407027869541607e-07 0.9999584318388091 24056.873610707702
3992 1.964396053366555e-05 0.9999780757993427 45611.69712101552
3994 1.540702786954161e-08 0.9999780912063706 45643.77285740201
3995 4.622108360862482e-08 0.9999781374274542 45740.27132014626
4000 1.140120062346079e-06 0.9999792775475166 48256.836433836834
4005 2.3110541804312413e-07 0.9999795086529346 48801.08646879116
4007 6.162811147816644e-08 0.9999795702810461 48948.29939938262
4008 1.0322708672592877e-06 0.9999806025519133 51553.173156212964
4015 4.6221083608624825e-07 0.9999810647627494 52811.590727124865
4016 4.31396780347165e-07 0.9999814961595297 54042.83514034108
4024 6.008740869121227e-07 0.9999820970336166 55856.66523557485
4026 5.700600311730395e-07 0.9999826670936478 57693.7288923432
4028 6.316881426512059e-07 0.9999832987817905 59875.87177505105
4029 4.159897524776234e-07 0.9999837147715429 61405.34059038965
4032 4.776178639557898e-07 0.9999841923894068 63260.667645262445
4037 4.005827246080818e-07 0.9999845929721315 64905.44500435381
4040 1.063084922998371e-06 0.9999856560570545 69715.83781374592
4042 2.156983901735825e-07 0.9999858717554446 70780.20174978765
4047 4.6221083608624825e-07 0.9999863339662807 73174.12063645515
4049 1.694773065649577e-07 0.9999865034435872 74092.97374929891
4052 6.162811147816644e-08 0.9999865650716987 74432.84977583193
4053 2.6191947378220734e-07 0.9999868269911725 75912.80117495473
4056 1.9104714558231594e-06 0.9999887374626283 88789.9384477482
4057 3.081405573908322e-08 0.999988768276684 89033.53224333326
4058 3.081405573908322e-08 0.9999887990907398 89278.46630739536
4063 1.694773065649577e-07 0.9999889685680463 90650.06285657473
4064 4.159897524776234e-07 0.9999893845577987 94202.3875256583
4065 3.851756967385402e-07 0.9999897697334955 97749.16416513533
4068 1.3866325082587447e-07 0.9999899083967463 99092.2824509486
4072 8.473865328247885e-07 0.9999907557832791 108175.74167652137
4074 2.6191947378220734e-07 0.9999910177027529 111330.09434998716
4079 9.090146443029549e-07 0.9999919267173972 123865.35306675182
4080 6.933162541293723e-07 0.9999926200336513 135501.9728750548
4086 7.395373377379971e-07 0.999993359570989 150592.67983200238
4088 3.7439077722986105e-06 0.9999971034787613 345241.7288098163
4089 4.31396780347165e-07 0.9999975348755415 405659.0313612521
4091 1.4328535918673695e-06 0.9999989677291334 968737.9857277573
4092 2.9273352952129054e-07 0.999999260462663 1352196.772117661
4094 7.395373377379971e-07 1.0000000000000007 -1501199875790165.2
4096 0.0015141256638792015 1.0015141256638798 -660.4471635713659
